<?xml version="1.0" encoding="UTF-8"?>
<!-- Generated by org.testng.reporters.JUnitReportReporter -->
<testsuite hostname="DESKTOP-Q15J7MR" failures="0" tests="1" name="TestCases.DashbordOperation" time="26.546" errors="0" timestamp="2025-08-12T06:10:19 BDT" skipped="0">
  <testcase classname="TestCases.DashbordOperation" name="DashbordOperate" time="26.546"/>
  <system-out/>
</testsuite> <!-- TestCases.DashbordOperation -->
