<?xml version="1.0" encoding="UTF-8"?>
<!-- Generated by org.testng.reporters.JUnitReportReporter -->
<testsuite hostname="DESKTOP-Q15J7MR" failures="0" tests="1" name="TestCases.SignUp" time="12.108" errors="0" timestamp="2025-08-12T06:10:19 BDT" skipped="0">
  <testcase classname="TestCases.SignUp" name="NewUserSignUp" time="12.108"/>
  <system-out/>
</testsuite> <!-- TestCases.SignUp -->
