<?xml version="1.0" encoding="UTF-8"?>
<!-- Generated by org.testng.reporters.JUnitReportReporter -->
<testsuite hostname="DESKTOP-Q15J7MR" failures="0" tests="1" name="TestCases.UserLogin" time="20.348" errors="0" timestamp="2025-08-12T03:58:41 BDT" skipped="0">
  <testcase classname="TestCases.UserLogin" name="loginUser" time="20.348"/>
  <system-out/>
</testsuite> <!-- TestCases.UserLogin -->
